Using pre-set license
Built from '2020.3/staging' branch; Version is '2020.3.23f1 (c5d91304a876) revision 12966163'; Using compiler version '192528614'; Build Type 'Release'
OS: 'Windows 10 Pro; OS build 19044.1348; Version 2009; 64bit' Language: 'en' Physical Memory: 16295 MB
BatchMode: 1, IsHumanControllingUs: 0, StartBugReporterOnCrash: 0, Is64bit: 1, IsPro: 0

COMMAND LINE ARGUMENTS:
C:\Program Files\Unity\Hub\Editor\2020.3.23f1\Editor\Unity.exe
-adb2
-batchMode
-noUpm
-name
AssetImportWorker0
-projectPath
C:/Users/mmustafa2021/Documents/Kenzo-s-Runway-Cards/Kenzo's Runway Cards
-logFile
Logs/AssetImportWorker0.log
-srvPort
62183
Successfully changed project path to: C:/Users/mmustafa2021/Documents/Kenzo-s-Runway-Cards/Kenzo's Runway Cards
C:/Users/mmustafa2021/Documents/Kenzo-s-Runway-Cards/Kenzo's Runway Cards
Using Asset Import Pipeline V2.
Refreshing native plugins compatible for Editor in 21.50 ms, found 2 plugins.
Preloading 0 native plugins for Editor in 0.00 ms.
Initialize engine version: 2020.3.23f1 (c5d91304a876)
[Subsystems] Discovering subsystems at path C:/Program Files/Unity/Hub/Editor/2020.3.23f1/Editor/Data/Resources/UnitySubsystems
[Subsystems] Discovering subsystems at path C:/Users/mmustafa2021/Documents/Kenzo-s-Runway-Cards/Kenzo's Runway Cards/Assets
GfxDevice: creating device client; threaded=0
Direct3D:
    Version:  Direct3D 11.0 [level 11.1]
    Renderer: NVIDIA GeForce RTX 3060 (ID=0x2504)
    Vendor:   
    VRAM:     12143 MB
    Driver:   30.0.14.9649
Initialize mono
Mono path[0] = 'C:/Program Files/Unity/Hub/Editor/2020.3.23f1/Editor/Data/Managed'
Mono path[1] = 'C:/Program Files/Unity/Hub/Editor/2020.3.23f1/Editor/Data/MonoBleedingEdge/lib/mono/unityjit'
Mono config path = 'C:/Program Files/Unity/Hub/Editor/2020.3.23f1/Editor/Data/MonoBleedingEdge/etc'
Using monoOptions --debugger-agent=transport=dt_socket,embedding=1,server=y,suspend=n,address=127.0.0.1:56436
Begin MonoManager ReloadAssembly
Registering precompiled unity dll's ...
Register platform support module: C:/Program Files/Unity/Hub/Editor/2020.3.23f1/Editor/Data/PlaybackEngines/WindowsStandaloneSupport/UnityEditor.WindowsStandalone.Extensions.dll
Registered in 0.001081 seconds.
Native extension for WindowsStandalone target not found
Refreshing native plugins compatible for Editor in 20.71 ms, found 2 plugins.
Preloading 0 native plugins for Editor in 0.00 ms.
Mono: successfully reloaded assembly
- Completed reload, in  0.352 seconds
Domain Reload Profiling:
	ReloadAssembly (352ms)
		BeginReloadAssembly (33ms)
			ExecutionOrderSort (0ms)
			DisableScriptedObjects (0ms)
			BackupInstance (0ms)
			ReleaseScriptingObjects (0ms)
			CreateAndSetChildDomain (0ms)
		EndReloadAssembly (274ms)
			LoadAssemblies (32ms)
			RebuildTransferFunctionScriptingTraits (0ms)
			SetupTypeCache (86ms)
			ReleaseScriptCaches (0ms)
			RebuildScriptCaches (20ms)
			SetupLoadedEditorAssemblies (103ms)
				LogAssemblyErrors (0ms)
				InitializePlatformSupportModulesInManaged (3ms)
				SetLoadedEditorAssemblies (0ms)
				RefreshPlugins (21ms)
				BeforeProcessingInitializeOnLoad (6ms)
				ProcessInitializeOnLoadAttributes (55ms)
				ProcessInitializeOnLoadMethodAttributes (18ms)
				AfterProcessingInitializeOnLoad (0ms)
				EditorAssembliesLoaded (0ms)
			ExecutionOrderSort2 (0ms)
			AwakeInstancesAfterBackupRestoration (0ms)
Platform modules already initialized, skipping
Registering precompiled user dll's ...
Registered in 0.002567 seconds.
Begin MonoManager ReloadAssembly
Native extension for WindowsStandalone target not found
Refreshing native plugins compatible for Editor in 0.29 ms, found 2 plugins.
Preloading 0 native plugins for Editor in 0.00 ms.
Mono: successfully reloaded assembly
- Completed reload, in  0.600 seconds
Domain Reload Profiling:
	ReloadAssembly (600ms)
		BeginReloadAssembly (88ms)
			ExecutionOrderSort (0ms)
			DisableScriptedObjects (4ms)
			BackupInstance (0ms)
			ReleaseScriptingObjects (0ms)
			CreateAndSetChildDomain (13ms)
		EndReloadAssembly (475ms)
			LoadAssemblies (53ms)
			RebuildTransferFunctionScriptingTraits (0ms)
			SetupTypeCache (161ms)
			ReleaseScriptCaches (0ms)
			RebuildScriptCaches (25ms)
			SetupLoadedEditorAssemblies (182ms)
				LogAssemblyErrors (0ms)
				InitializePlatformSupportModulesInManaged (3ms)
				SetLoadedEditorAssemblies (0ms)
				RefreshPlugins (0ms)
				BeforeProcessingInitializeOnLoad (35ms)
				ProcessInitializeOnLoadAttributes (133ms)
				ProcessInitializeOnLoadMethodAttributes (6ms)
				AfterProcessingInitializeOnLoad (3ms)
				EditorAssembliesLoaded (0ms)
			ExecutionOrderSort2 (0ms)
			AwakeInstancesAfterBackupRestoration (4ms)
Platform modules already initialized, skipping
========================================================================
Worker process is ready to serve import requests
Launched and connected shader compiler UnityShaderCompiler.exe after 0.03 seconds
Refreshing native plugins compatible for Editor in 0.28 ms, found 2 plugins.
Preloading 0 native plugins for Editor in 0.00 ms.
Unloading 1499 Unused Serialized files (Serialized files now loaded: 0)
System memory in use before: 67.4 MB.
System memory in use after: 67.4 MB.

Unloading 19 unused Assets to reduce memory usage. Loaded Objects now: 1931.
Total: 2.025000 ms (FindLiveObjects: 0.117800 ms CreateObjectMapping: 0.037700 ms MarkObjects: 1.826500 ms  DeleteObjects: 0.042000 ms)

AssetImportParameters requested are different than current active one (requested -> active):
  custom:framework-win-MediaFoundation: 216162199b28c13a410421893ffa2e32 -> 
  custom:video-decoder-ogg-theora: a1e56fd34408186e4bbccfd4996cb3dc -> 
  custom:container-muxer-webm: aa71ff27fc2769a1b78a27578f13a17b -> 
  custom:container-demuxer-webm: 4f35f7cbe854078d1ac9338744f61a02 -> 
  custom:container-demuxer-ogg: 62fdf1f143b41e24485cea50d1cbac27 -> 
  custom:video-encoder-webm-vp8: eb34c28f22e8b96e1ab97ce403110664 -> 
  custom:video-decoder-webm-vp8: 9c59270c3fd7afecdb556c50c9e8de78 -> 
  custom:audio-decoder-ogg-vorbis: bf7c407c2cedff20999df2af8eb42d56 -> 
  custom:audio-encoder-webm-vorbis: bf7c407c2cedff20999df2af8eb42d56 -> 
========================================================================
Received Import Request.
  path: Assets/Scripts/Touch Controls.cs
  artifactKey: Guid(7c41e90623acb0d4fb8032dbc6e3c123) Importer(815301076,1909f56bfc062723c751e8b465ee728b)
Start importing Assets/Scripts/Touch Controls.cs using Guid(7c41e90623acb0d4fb8032dbc6e3c123) Importer(815301076,1909f56bfc062723c751e8b465ee728b)  -> (artifact id: '991d841e842f46feb9d3a32b1c3400c9') in 0.017275 seconds 
  Import took 0.018942 seconds .

========================================================================
Received Import Request.
  Time since last request: 124.514453 seconds.
  path: Assets/Jamal Models/drive-download-20221006T133148Z-001/Catwalk Twist L To Walk 180.fbx
  artifactKey: Guid(0d3046e5c006d384cb2d1a7b4121dfc2) Importer(815301076,1909f56bfc062723c751e8b465ee728b)
Start importing Assets/Jamal Models/drive-download-20221006T133148Z-001/Catwalk Twist L To Walk 180.fbx using Guid(0d3046e5c006d384cb2d1a7b4121dfc2) Importer(815301076,1909f56bfc062723c751e8b465ee728b)  -> (artifact id: 'bd1896a55a465980d84a3590d278eec1') in 0.085084 seconds 
  Import took 0.087205 seconds .

========================================================================
Received Import Request.
  Time since last request: 0.000131 seconds.
  path: Assets/Jamal Models/drive-download-20221006T133148Z-001/Finished Character Rig 1.blend
  artifactKey: Guid(7f1a6fd5f77940545ada3117054cb5f5) Importer(815301076,1909f56bfc062723c751e8b465ee728b)
Start importing Assets/Jamal Models/drive-download-20221006T133148Z-001/Finished Character Rig 1.blend using Guid(7f1a6fd5f77940545ada3117054cb5f5) Importer(815301076,1909f56bfc062723c751e8b465ee728b)  -> (artifact id: 'd7548b48b4047845bf74404ab0044872') in 0.014679 seconds 
  Import took 0.016205 seconds .

========================================================================
Received Import Request.
  Time since last request: 0.000143 seconds.
  path: Assets/Jamal Models/drive-download-20221006T133148Z-001/Catwalk Walk Start Backwards 180L.fbx
  artifactKey: Guid(a993381cb2a44e14ab67aa5c4dad5c93) Importer(815301076,1909f56bfc062723c751e8b465ee728b)
Start importing Assets/Jamal Models/drive-download-20221006T133148Z-001/Catwalk Walk Start Backwards 180L.fbx using Guid(a993381cb2a44e14ab67aa5c4dad5c93) Importer(815301076,1909f56bfc062723c751e8b465ee728b)  -> (artifact id: '0da4ccba13b44d938bfbf300ee1011e0') in 0.014250 seconds 
  Import took 0.016033 seconds .

========================================================================
Received Import Request.
  Time since last request: 0.000108 seconds.
  path: Assets/Jamal Models/drive-download-20221006T133148Z-001/Catwalk Walk Forward 01.fbx
  artifactKey: Guid(ece5397d1a47478458633c6c4640e3df) Importer(815301076,1909f56bfc062723c751e8b465ee728b)
Start importing Assets/Jamal Models/drive-download-20221006T133148Z-001/Catwalk Walk Forward 01.fbx using Guid(ece5397d1a47478458633c6c4640e3df) Importer(815301076,1909f56bfc062723c751e8b465ee728b)  -> (artifact id: '560f3036687ffffa53bf489834c52244') in 0.013699 seconds 
  Import took 0.015397 seconds .

